--------------------------------------------------------------------------------
[Jun 01, 2025 10:50:24.4 AM GMT:ERROR:creative_new_tab_page_ads_util.cc(114)] Successfully saved creative new tab page ads
[Jun 01, 2025 10:50:24.4 AM GMT:ERROR:creative_new_tab_page_ads_util.cc(101)] Successfully saved creative set conversions
[Jun 01, 2025 10:50:24.5 AM GMT:ERROR:creative_new_tab_page_ads_util.cc(114)] Successfully saved creative new tab page ads
[Jun 01, 2025 10:50:24.5 AM GMT:ERROR:creative_new_tab_page_ads_util.cc(101)] Successfully saved creative set conversions
--------------------------------------------------------------------------------
[Jun 04, 2025 2:34:43.6 PM GMT:ERROR:creative_new_tab_page_ads_util.cc(114)] Successfully saved creative new tab page ads
[Jun 04, 2025 2:34:43.6 PM GMT:ERROR:creative_new_tab_page_ads_util.cc(101)] Successfully saved creative set conversions
[Jun 04, 2025 2:34:43.9 PM GMT:ERROR:creative_new_tab_page_ads_util.cc(114)] Successfully saved creative new tab page ads
[Jun 04, 2025 2:34:43.9 PM GMT:ERROR:creative_new_tab_page_ads_util.cc(101)] Successfully saved creative set conversions
--------------------------------------------------------------------------------
[Jun 04, 2025 6:57:09.0 PM GMT:ERROR:creative_new_tab_page_ads_util.cc(114)] Successfully saved creative new tab page ads
[Jun 04, 2025 6:57:09.0 PM GMT:ERROR:creative_new_tab_page_ads_util.cc(101)] Successfully saved creative set conversions
--------------------------------------------------------------------------------
[Jun 05, 2025 8:25:28.4 AM GMT:ERROR:creative_new_tab_page_ads_util.cc(114)] Successfully saved creative new tab page ads
[Jun 05, 2025 8:25:28.4 AM GMT:ERROR:creative_new_tab_page_ads_util.cc(101)] Successfully saved creative set conversions
[Jun 05, 2025 8:25:28.4 AM GMT:ERROR:creative_new_tab_page_ads_util.cc(114)] Successfully saved creative new tab page ads
[Jun 05, 2025 8:25:28.4 AM GMT:ERROR:creative_new_tab_page_ads_util.cc(101)] Successfully saved creative set conversions
--------------------------------------------------------------------------------
[Jun 05, 2025 1:52:55.0 PM GMT:ERROR:creative_new_tab_page_ads_util.cc(114)] Successfully saved creative new tab page ads
[Jun 05, 2025 1:52:55.0 PM GMT:ERROR:creative_new_tab_page_ads_util.cc(101)] Successfully saved creative set conversions
[Jun 05, 2025 3:22:42.3 PM GMT:ERROR:creative_new_tab_page_ads_util.cc(114)] Successfully saved creative new tab page ads
[Jun 05, 2025 3:22:42.3 PM GMT:ERROR:creative_new_tab_page_ads_util.cc(101)] Successfully saved creative set conversions
--------------------------------------------------------------------------------
[Jun 05, 2025 6:53:33.6 PM GMT:ERROR:creative_new_tab_page_ads_util.cc(114)] Successfully saved creative new tab page ads
[Jun 05, 2025 6:53:33.6 PM GMT:ERROR:creative_new_tab_page_ads_util.cc(101)] Successfully saved creative set conversions
--------------------------------------------------------------------------------
[Jun 05, 2025 10:33:53.1 PM GMT:ERROR:creative_new_tab_page_ads_util.cc(114)] Successfully saved creative new tab page ads
[Jun 05, 2025 10:33:53.1 PM GMT:ERROR:creative_new_tab_page_ads_util.cc(101)] Successfully saved creative set conversions
--------------------------------------------------------------------------------
[Jun 07, 2025 10:10:14.5 PM GMT:ERROR:creative_new_tab_page_ads_util.cc(114)] Successfully saved creative new tab page ads
[Jun 07, 2025 10:10:14.5 PM GMT:ERROR:creative_new_tab_page_ads_util.cc(101)] Successfully saved creative set conversions
[Jun 07, 2025 10:10:14.5 PM GMT:ERROR:creative_new_tab_page_ads_util.cc(114)] Successfully saved creative new tab page ads
[Jun 07, 2025 10:10:14.5 PM GMT:ERROR:creative_new_tab_page_ads_util.cc(101)] Successfully saved creative set conversions
--------------------------------------------------------------------------------
[Jun 08, 2025 1:55:15.0 AM GMT:ERROR:creative_new_tab_page_ads_util.cc(114)] Successfully saved creative new tab page ads
[Jun 08, 2025 1:55:15.0 AM GMT:ERROR:creative_new_tab_page_ads_util.cc(101)] Successfully saved creative set conversions
--------------------------------------------------------------------------------
[Jun 08, 2025 3:24:23.2 AM GMT:ERROR:creative_new_tab_page_ads_util.cc(114)] Successfully saved creative new tab page ads
[Jun 08, 2025 3:24:23.2 AM GMT:ERROR:creative_new_tab_page_ads_util.cc(101)] Successfully saved creative set conversions
--------------------------------------------------------------------------------
[Jun 08, 2025 3:28:02.1 AM GMT:ERROR:creative_new_tab_page_ads_util.cc(114)] Successfully saved creative new tab page ads
[Jun 08, 2025 3:28:02.1 AM GMT:ERROR:creative_new_tab_page_ads_util.cc(101)] Successfully saved creative set conversions
--------------------------------------------------------------------------------
[Jun 08, 2025 3:40:18.1 AM GMT:ERROR:creative_new_tab_page_ads_util.cc(114)] Successfully saved creative new tab page ads
[Jun 08, 2025 3:40:18.1 AM GMT:ERROR:creative_new_tab_page_ads_util.cc(101)] Successfully saved creative set conversions
[Jun 08, 2025 3:40:18.1 AM GMT:ERROR:creative_new_tab_page_ads_util.cc(114)] Successfully saved creative new tab page ads
[Jun 08, 2025 3:40:18.1 AM GMT:ERROR:creative_new_tab_page_ads_util.cc(101)] Successfully saved creative set conversions
--------------------------------------------------------------------------------
[Jun 08, 2025 3:51:16.1 AM GMT:ERROR:creative_new_tab_page_ads_util.cc(114)] Successfully saved creative new tab page ads
[Jun 08, 2025 3:51:16.1 AM GMT:ERROR:creative_new_tab_page_ads_util.cc(101)] Successfully saved creative set conversions
--------------------------------------------------------------------------------
[Jun 08, 2025 3:57:51.5 AM GMT:ERROR:creative_new_tab_page_ads_util.cc(114)] Successfully saved creative new tab page ads
[Jun 08, 2025 3:57:51.5 AM GMT:ERROR:creative_new_tab_page_ads_util.cc(101)] Successfully saved creative set conversions
--------------------------------------------------------------------------------
[Jun 08, 2025 11:49:05.6 AM GMT:ERROR:creative_new_tab_page_ads_util.cc(114)] Successfully saved creative new tab page ads
[Jun 08, 2025 11:49:05.6 AM GMT:ERROR:creative_new_tab_page_ads_util.cc(101)] Successfully saved creative set conversions
--------------------------------------------------------------------------------
[Jun 08, 2025 1:34:32.4 PM GMT:ERROR:creative_new_tab_page_ads_util.cc(114)] Successfully saved creative new tab page ads
[Jun 08, 2025 1:34:32.4 PM GMT:ERROR:creative_new_tab_page_ads_util.cc(101)] Successfully saved creative set conversions
--------------------------------------------------------------------------------
[Jun 08, 2025 10:17:38.8 PM GMT:ERROR:creative_new_tab_page_ads_util.cc(114)] Successfully saved creative new tab page ads
[Jun 08, 2025 10:17:38.8 PM GMT:ERROR:creative_new_tab_page_ads_util.cc(101)] Successfully saved creative set conversions
--------------------------------------------------------------------------------
[Jun 09, 2025 2:35:52.4 AM GMT:ERROR:creative_new_tab_page_ads_util.cc(114)] Successfully saved creative new tab page ads
[Jun 09, 2025 2:35:52.4 AM GMT:ERROR:creative_new_tab_page_ads_util.cc(101)] Successfully saved creative set conversions
[Jun 09, 2025 3:20:50.1 AM GMT:ERROR:creative_new_tab_page_ads_util.cc(114)] Successfully saved creative new tab page ads
[Jun 09, 2025 3:20:50.1 AM GMT:ERROR:creative_new_tab_page_ads_util.cc(101)] Successfully saved creative set conversions
--------------------------------------------------------------------------------
[Jun 11, 2025 6:46:01.6 PM GMT:ERROR:creative_new_tab_page_ads_util.cc(114)] Successfully saved creative new tab page ads
[Jun 11, 2025 6:46:01.6 PM GMT:ERROR:creative_new_tab_page_ads_util.cc(101)] Successfully saved creative set conversions
[Jun 11, 2025 6:46:01.6 PM GMT:ERROR:creative_new_tab_page_ads_util.cc(114)] Successfully saved creative new tab page ads
[Jun 11, 2025 6:46:01.6 PM GMT:ERROR:creative_new_tab_page_ads_util.cc(101)] Successfully saved creative set conversions
--------------------------------------------------------------------------------
[Jun 14, 2025 10:12:59.1 PM GMT:ERROR:creative_new_tab_page_ads_util.cc(114)] Successfully saved creative new tab page ads
[Jun 14, 2025 10:12:59.1 PM GMT:ERROR:creative_new_tab_page_ads_util.cc(101)] Successfully saved creative set conversions
[Jun 14, 2025 10:12:59.2 PM GMT:ERROR:creative_new_tab_page_ads_util.cc(114)] Successfully saved creative new tab page ads
[Jun 14, 2025 10:12:59.2 PM GMT:ERROR:creative_new_tab_page_ads_util.cc(101)] Successfully saved creative set conversions
--------------------------------------------------------------------------------
[Jun 15, 2025 10:47:36.7 PM GMT:ERROR:creative_new_tab_page_ads_util.cc(114)] Successfully saved creative new tab page ads
[Jun 15, 2025 10:47:36.7 PM GMT:ERROR:creative_new_tab_page_ads_util.cc(101)] Successfully saved creative set conversions
[Jun 15, 2025 10:47:37.1 PM GMT:ERROR:creative_new_tab_page_ads_util.cc(114)] Successfully saved creative new tab page ads
[Jun 15, 2025 10:47:37.1 PM GMT:ERROR:creative_new_tab_page_ads_util.cc(101)] Successfully saved creative set conversions
--------------------------------------------------------------------------------
[Jun 16, 2025 7:54:40.4 PM GMT:ERROR:creative_new_tab_page_ads_util.cc(114)] Successfully saved creative new tab page ads
[Jun 16, 2025 7:54:40.4 PM GMT:ERROR:creative_new_tab_page_ads_util.cc(101)] Successfully saved creative set conversions
[Jun 16, 2025 7:54:40.5 PM GMT:ERROR:creative_new_tab_page_ads_util.cc(114)] Successfully saved creative new tab page ads
[Jun 16, 2025 7:54:40.5 PM GMT:ERROR:creative_new_tab_page_ads_util.cc(101)] Successfully saved creative set conversions
--------------------------------------------------------------------------------
[Jun 16, 2025 9:21:28.6 PM GMT:ERROR:creative_new_tab_page_ads_util.cc(114)] Successfully saved creative new tab page ads
[Jun 16, 2025 9:21:28.6 PM GMT:ERROR:creative_new_tab_page_ads_util.cc(101)] Successfully saved creative set conversions
--------------------------------------------------------------------------------
[Jun 16, 2025 9:25:33.3 PM GMT:ERROR:creative_new_tab_page_ads_util.cc(114)] Successfully saved creative new tab page ads
[Jun 16, 2025 9:25:33.3 PM GMT:ERROR:creative_new_tab_page_ads_util.cc(101)] Successfully saved creative set conversions
--------------------------------------------------------------------------------
[Jun 17, 2025 1:28:13.2 PM GMT:ERROR:creative_new_tab_page_ads_util.cc(114)] Successfully saved creative new tab page ads
[Jun 17, 2025 1:28:13.2 PM GMT:ERROR:creative_new_tab_page_ads_util.cc(101)] Successfully saved creative set conversions
[Jun 17, 2025 1:28:13.3 PM GMT:ERROR:creative_new_tab_page_ads_util.cc(114)] Successfully saved creative new tab page ads
[Jun 17, 2025 1:28:13.3 PM GMT:ERROR:creative_new_tab_page_ads_util.cc(101)] Successfully saved creative set conversions
--------------------------------------------------------------------------------
[Jun 17, 2025 2:06:38.9 PM GMT:ERROR:creative_new_tab_page_ads_util.cc(114)] Successfully saved creative new tab page ads
[Jun 17, 2025 2:06:38.9 PM GMT:ERROR:creative_new_tab_page_ads_util.cc(101)] Successfully saved creative set conversions
--------------------------------------------------------------------------------
[Jun 17, 2025 3:32:51.2 PM GMT:ERROR:creative_new_tab_page_ads_util.cc(114)] Successfully saved creative new tab page ads
[Jun 17, 2025 3:32:51.2 PM GMT:ERROR:creative_new_tab_page_ads_util.cc(101)] Successfully saved creative set conversions
--------------------------------------------------------------------------------
[Jun 17, 2025 6:20:00.2 PM GMT:ERROR:creative_new_tab_page_ads_util.cc(114)] Successfully saved creative new tab page ads
[Jun 17, 2025 6:20:00.2 PM GMT:ERROR:creative_new_tab_page_ads_util.cc(101)] Successfully saved creative set conversions
--------------------------------------------------------------------------------
[Jun 17, 2025 6:58:41.5 PM GMT:ERROR:creative_new_tab_page_ads_util.cc(114)] Successfully saved creative new tab page ads
[Jun 17, 2025 6:58:41.5 PM GMT:ERROR:creative_new_tab_page_ads_util.cc(101)] Successfully saved creative set conversions
--------------------------------------------------------------------------------
[Jun 17, 2025 7:46:32.8 PM GMT:ERROR:creative_new_tab_page_ads_util.cc(114)] Successfully saved creative new tab page ads
[Jun 17, 2025 7:46:32.8 PM GMT:ERROR:creative_new_tab_page_ads_util.cc(101)] Successfully saved creative set conversions
--------------------------------------------------------------------------------
[Jun 17, 2025 10:23:37.9 PM GMT:ERROR:creative_new_tab_page_ads_util.cc(114)] Successfully saved creative new tab page ads
[Jun 17, 2025 10:23:37.9 PM GMT:ERROR:creative_new_tab_page_ads_util.cc(101)] Successfully saved creative set conversions
--------------------------------------------------------------------------------
[Jun 17, 2025 11:36:01.1 PM GMT:ERROR:creative_new_tab_page_ads_util.cc(114)] Successfully saved creative new tab page ads
[Jun 17, 2025 11:36:01.1 PM GMT:ERROR:creative_new_tab_page_ads_util.cc(101)] Successfully saved creative set conversions
--------------------------------------------------------------------------------
[Jun 18, 2025 8:38:29.7 AM GMT:ERROR:creative_new_tab_page_ads_util.cc(114)] Successfully saved creative new tab page ads
[Jun 18, 2025 8:38:29.7 AM GMT:ERROR:creative_new_tab_page_ads_util.cc(101)] Successfully saved creative set conversions
[Jun 18, 2025 8:38:29.7 AM GMT:ERROR:creative_new_tab_page_ads_util.cc(114)] Successfully saved creative new tab page ads
[Jun 18, 2025 8:38:29.7 AM GMT:ERROR:creative_new_tab_page_ads_util.cc(101)] Successfully saved creative set conversions
--------------------------------------------------------------------------------
[Jun 18, 2025 2:18:28.5 PM GMT:ERROR:creative_new_tab_page_ads_util.cc(114)] Successfully saved creative new tab page ads
[Jun 18, 2025 2:18:28.5 PM GMT:ERROR:creative_new_tab_page_ads_util.cc(101)] Successfully saved creative set conversions
--------------------------------------------------------------------------------
[Jun 18, 2025 6:26:55.1 PM GMT:ERROR:creative_new_tab_page_ads_util.cc(114)] Successfully saved creative new tab page ads
[Jun 18, 2025 6:26:55.1 PM GMT:ERROR:creative_new_tab_page_ads_util.cc(101)] Successfully saved creative set conversions
--------------------------------------------------------------------------------
[Jun 18, 2025 9:40:07.8 PM GMT:ERROR:creative_new_tab_page_ads_util.cc(114)] Successfully saved creative new tab page ads
[Jun 18, 2025 9:40:07.8 PM GMT:ERROR:creative_new_tab_page_ads_util.cc(101)] Successfully saved creative set conversions
--------------------------------------------------------------------------------
[Jun 20, 2025 2:36:56.0 PM GMT:ERROR:creative_new_tab_page_ads_util.cc(114)] Successfully saved creative new tab page ads
[Jun 20, 2025 2:36:56.0 PM GMT:ERROR:creative_new_tab_page_ads_util.cc(101)] Successfully saved creative set conversions
[Jun 20, 2025 2:36:56.1 PM GMT:ERROR:creative_new_tab_page_ads_util.cc(114)] Successfully saved creative new tab page ads
[Jun 20, 2025 2:36:56.1 PM GMT:ERROR:creative_new_tab_page_ads_util.cc(101)] Successfully saved creative set conversions
--------------------------------------------------------------------------------
[Jun 21, 2025 1:10:02.8 PM GMT:ERROR:creative_new_tab_page_ads_util.cc(114)] Successfully saved creative new tab page ads
[Jun 21, 2025 1:10:02.8 PM GMT:ERROR:creative_new_tab_page_ads_util.cc(101)] Successfully saved creative set conversions
[Jun 21, 2025 1:10:02.9 PM GMT:ERROR:creative_new_tab_page_ads_util.cc(114)] Successfully saved creative new tab page ads
[Jun 21, 2025 1:10:02.9 PM GMT:ERROR:creative_new_tab_page_ads_util.cc(101)] Successfully saved creative set conversions
--------------------------------------------------------------------------------
[Jun 21, 2025 2:24:55.8 PM GMT:ERROR:creative_new_tab_page_ads_util.cc(114)] Successfully saved creative new tab page ads
[Jun 21, 2025 2:24:55.8 PM GMT:ERROR:creative_new_tab_page_ads_util.cc(101)] Successfully saved creative set conversions
--------------------------------------------------------------------------------
[Jun 22, 2025 10:36:44.1 PM GMT:ERROR:creative_new_tab_page_ads_util.cc(114)] Successfully saved creative new tab page ads
[Jun 22, 2025 10:36:44.1 PM GMT:ERROR:creative_new_tab_page_ads_util.cc(101)] Successfully saved creative set conversions
[Jun 22, 2025 10:36:44.3 PM GMT:ERROR:creative_new_tab_page_ads_util.cc(114)] Successfully saved creative new tab page ads
[Jun 22, 2025 10:36:44.3 PM GMT:ERROR:creative_new_tab_page_ads_util.cc(101)] Successfully saved creative set conversions
--------------------------------------------------------------------------------
[Jun 23, 2025 2:05:08.5 PM GMT:ERROR:creative_new_tab_page_ads_util.cc(114)] Successfully saved creative new tab page ads
[Jun 23, 2025 2:05:08.5 PM GMT:ERROR:creative_new_tab_page_ads_util.cc(101)] Successfully saved creative set conversions
[Jun 23, 2025 2:05:08.6 PM GMT:ERROR:creative_new_tab_page_ads_util.cc(114)] Successfully saved creative new tab page ads
[Jun 23, 2025 2:05:08.7 PM GMT:ERROR:creative_new_tab_page_ads_util.cc(101)] Successfully saved creative set conversions
--------------------------------------------------------------------------------
[Jun 24, 2025 7:10:14.1 AM GMT:ERROR:creative_new_tab_page_ads_util.cc(114)] Successfully saved creative new tab page ads
[Jun 24, 2025 7:10:14.1 AM GMT:ERROR:creative_new_tab_page_ads_util.cc(101)] Successfully saved creative set conversions
[Jun 24, 2025 7:10:15.3 AM GMT:ERROR:creative_new_tab_page_ads_util.cc(114)] Successfully saved creative new tab page ads
[Jun 24, 2025 7:10:15.3 AM GMT:ERROR:creative_new_tab_page_ads_util.cc(101)] Successfully saved creative set conversions
--------------------------------------------------------------------------------
[Jun 24, 2025 8:02:18.5 AM GMT:ERROR:creative_new_tab_page_ads_util.cc(114)] Successfully saved creative new tab page ads
[Jun 24, 2025 8:02:18.5 AM GMT:ERROR:creative_new_tab_page_ads_util.cc(101)] Successfully saved creative set conversions
--------------------------------------------------------------------------------
[Jun 28, 2025 5:02:00.0 PM GMT:ERROR:creative_new_tab_page_ads_util.cc(114)] Successfully saved creative new tab page ads
[Jun 28, 2025 5:02:00.0 PM GMT:ERROR:creative_new_tab_page_ads_util.cc(101)] Successfully saved creative set conversions
[Jun 28, 2025 5:02:00.0 PM GMT:ERROR:creative_new_tab_page_ads_util.cc(114)] Successfully saved creative new tab page ads
[Jun 28, 2025 5:02:00.0 PM GMT:ERROR:creative_new_tab_page_ads_util.cc(101)] Successfully saved creative set conversions
--------------------------------------------------------------------------------
[Jun 28, 2025 5:03:19.0 PM GMT:ERROR:creative_new_tab_page_ads_util.cc(114)] Successfully saved creative new tab page ads
[Jun 28, 2025 5:03:19.0 PM GMT:ERROR:creative_new_tab_page_ads_util.cc(101)] Successfully saved creative set conversions
--------------------------------------------------------------------------------
[Jun 28, 2025 6:51:04.1 PM GMT:ERROR:creative_new_tab_page_ads_util.cc(114)] Successfully saved creative new tab page ads
[Jun 28, 2025 6:51:04.1 PM GMT:ERROR:creative_new_tab_page_ads_util.cc(101)] Successfully saved creative set conversions
--------------------------------------------------------------------------------
[Jun 29, 2025 6:02:12.1 AM GMT:ERROR:creative_new_tab_page_ads_util.cc(114)] Successfully saved creative new tab page ads
[Jun 29, 2025 6:02:12.1 AM GMT:ERROR:creative_new_tab_page_ads_util.cc(101)] Successfully saved creative set conversions
[Jun 29, 2025 6:02:15.2 AM GMT:ERROR:creative_new_tab_page_ads_util.cc(114)] Successfully saved creative new tab page ads
[Jun 29, 2025 6:02:15.2 AM GMT:ERROR:creative_new_tab_page_ads_util.cc(101)] Successfully saved creative set conversions
--------------------------------------------------------------------------------
[Jun 29, 2025 5:55:08.2 PM GMT:ERROR:creative_new_tab_page_ads_util.cc(123)] Successfully saved creative new tab page ads
[Jun 29, 2025 5:55:08.2 PM GMT:ERROR:creative_new_tab_page_ads_util.cc(108)] Successfully saved creative set conversions
--------------------------------------------------------------------------------
[Jul 02, 2025 3:53:30.0 AM GMT:ERROR:creative_new_tab_page_ads_util.cc(123)] Successfully saved creative new tab page ads
[Jul 02, 2025 3:53:30.0 AM GMT:ERROR:creative_new_tab_page_ads_util.cc(108)] Successfully saved creative set conversions
[Jul 02, 2025 3:53:35.6 AM GMT:ERROR:creative_new_tab_page_ads_util.cc(123)] Successfully saved creative new tab page ads
[Jul 02, 2025 3:53:35.6 AM GMT:ERROR:creative_new_tab_page_ads_util.cc(108)] Successfully saved creative set conversions
--------------------------------------------------------------------------------
[Jul 02, 2025 4:10:18.1 AM GMT:ERROR:creative_new_tab_page_ads_util.cc(123)] Successfully saved creative new tab page ads
[Jul 02, 2025 4:10:18.1 AM GMT:ERROR:creative_new_tab_page_ads_util.cc(108)] Successfully saved creative set conversions
--------------------------------------------------------------------------------
[Jul 02, 2025 11:39:32.8 PM GMT:ERROR:creative_new_tab_page_ads_util.cc(123)] Successfully saved creative new tab page ads
[Jul 02, 2025 11:39:32.8 PM GMT:ERROR:creative_new_tab_page_ads_util.cc(108)] Successfully saved creative set conversions
--------------------------------------------------------------------------------
[Jul 02, 2025 11:48:51.4 PM GMT:ERROR:creative_new_tab_page_ads_util.cc(123)] Successfully saved creative new tab page ads
[Jul 02, 2025 11:48:51.4 PM GMT:ERROR:creative_new_tab_page_ads_util.cc(108)] Successfully saved creative set conversions
--------------------------------------------------------------------------------
[Jul 02, 2025 11:56:40.4 PM GMT:ERROR:creative_new_tab_page_ads_util.cc(123)] Successfully saved creative new tab page ads
[Jul 02, 2025 11:56:40.4 PM GMT:ERROR:creative_new_tab_page_ads_util.cc(108)] Successfully saved creative set conversions
--------------------------------------------------------------------------------
[Jul 08, 2025 9:23:44.4 AM GMT:ERROR:creative_new_tab_page_ads_util.cc(123)] Successfully saved creative new tab page ads
[Jul 08, 2025 9:23:44.4 AM GMT:ERROR:creative_new_tab_page_ads_util.cc(108)] Successfully saved creative set conversions
[Jul 08, 2025 9:23:45.3 AM GMT:ERROR:creative_new_tab_page_ads_util.cc(123)] Successfully saved creative new tab page ads
[Jul 08, 2025 9:23:45.3 AM GMT:ERROR:creative_new_tab_page_ads_util.cc(108)] Successfully saved creative set conversions
--------------------------------------------------------------------------------
[Jul 08, 2025 9:26:48.7 AM GMT:ERROR:creative_new_tab_page_ads_util.cc(123)] Successfully saved creative new tab page ads
[Jul 08, 2025 9:26:48.7 AM GMT:ERROR:creative_new_tab_page_ads_util.cc(108)] Successfully saved creative set conversions
--------------------------------------------------------------------------------
[Jul 09, 2025 8:45:54.4 AM GMT:ERROR:creative_new_tab_page_ads_util.cc(123)] Successfully saved creative new tab page ads
[Jul 09, 2025 8:45:54.4 AM GMT:ERROR:creative_new_tab_page_ads_util.cc(108)] Successfully saved creative set conversions
[Jul 09, 2025 8:45:54.9 AM GMT:ERROR:creative_new_tab_page_ads_util.cc(123)] Successfully saved creative new tab page ads
[Jul 09, 2025 8:45:54.9 AM GMT:ERROR:creative_new_tab_page_ads_util.cc(108)] Successfully saved creative set conversions
--------------------------------------------------------------------------------
[Jul 09, 2025 5:34:42.7 PM GMT:ERROR:creative_new_tab_page_ads_util.cc(123)] Successfully saved creative new tab page ads
[Jul 09, 2025 5:34:42.7 PM GMT:ERROR:creative_new_tab_page_ads_util.cc(108)] Successfully saved creative set conversions
--------------------------------------------------------------------------------
[Jul 10, 2025 10:30:39.8 PM GMT:ERROR:creative_new_tab_page_ads_util.cc(123)] Successfully saved creative new tab page ads
[Jul 10, 2025 10:30:39.8 PM GMT:ERROR:creative_new_tab_page_ads_util.cc(108)] Successfully saved creative set conversions
[Jul 10, 2025 10:30:40.4 PM GMT:ERROR:creative_new_tab_page_ads_util.cc(123)] Successfully saved creative new tab page ads
[Jul 10, 2025 10:30:40.4 PM GMT:ERROR:creative_new_tab_page_ads_util.cc(108)] Successfully saved creative set conversions
